<?xml version="1.0" encoding="UTF-8"?>
<coverage generated="1693684843151" clover="3.2.0">
  <project timestamp="1693684843151" name="All files">
    <metrics statements="60" coveredstatements="39" conditionals="28" coveredconditionals="7" methods="25" coveredmethods="18" elements="113" coveredelements="64" complexity="0" loc="60" ncloc="60" packages="3" files="6" classes="6"/>
    <package name="src">
      <metrics statements="8" coveredstatements="8" conditionals="0" coveredconditionals="0" methods="8" coveredmethods="8"/>
      <file name="actionTypes.js" path="E:\react-updates\todo-app\src\actionTypes.js">
        <metrics statements="5" coveredstatements="5" conditionals="0" coveredconditionals="0" methods="5" coveredmethods="5"/>
        <line num="1" count="6" type="stmt"/>
        <line num="3" count="5" type="stmt"/>
        <line num="4" count="5" type="stmt"/>
        <line num="5" count="5" type="stmt"/>
        <line num="6" count="5" type="stmt"/>
      </file>
      <file name="statusTypes.js" path="E:\react-updates\todo-app\src\statusTypes.js">
        <metrics statements="3" coveredstatements="3" conditionals="0" coveredconditionals="0" methods="3" coveredmethods="3"/>
        <line num="1" count="15" type="stmt"/>
        <line num="2" count="8" type="stmt"/>
        <line num="3" count="10" type="stmt"/>
      </file>
    </package>
    <package name="src.components.todosSection">
      <metrics statements="34" coveredstatements="14" conditionals="18" coveredconditionals="0" methods="12" coveredmethods="5"/>
      <file name="Todo.js" path="E:\react-updates\todo-app\src\components\todosSection\Todo.js">
        <metrics statements="23" coveredstatements="6" conditionals="10" coveredconditionals="0" methods="5" coveredmethods="1"/>
        <line num="13" count="1" type="stmt"/>
        <line num="14" count="1" type="stmt"/>
        <line num="15" count="1" type="stmt"/>
        <line num="16" count="0" type="cond" truecount="0" falsecount="2"/>
        <line num="17" count="0" type="stmt"/>
        <line num="21" count="1" type="stmt"/>
        <line num="22" count="0" type="stmt"/>
        <line num="23" count="0" type="cond" truecount="0" falsecount="2"/>
        <line num="24" count="0" type="stmt"/>
        <line num="25" count="0" type="stmt"/>
        <line num="29" count="0" type="cond" truecount="0" falsecount="2"/>
        <line num="30" count="0" type="cond" truecount="0" falsecount="2"/>
        <line num="31" count="0" type="stmt"/>
        <line num="32" count="0" type="stmt"/>
        <line num="39" count="1" type="stmt"/>
        <line num="40" count="0" type="stmt"/>
        <line num="41" count="0" type="stmt"/>
        <line num="42" count="0" type="cond" truecount="0" falsecount="2"/>
        <line num="43" count="0" type="stmt"/>
        <line num="44" count="0" type="stmt"/>
        <line num="45" count="0" type="stmt"/>
        <line num="51" count="1" type="stmt"/>
        <line num="68" count="0" type="stmt"/>
      </file>
      <file name="TodosList.js" path="E:\react-updates\todo-app\src\components\todosSection\TodosList.js">
        <metrics statements="4" coveredstatements="1" conditionals="8" coveredconditionals="0" methods="3" coveredmethods="0"/>
        <line num="7" count="0" type="stmt"/>
        <line num="24" count="0" type="stmt"/>
        <line num="33" count="0" type="stmt"/>
        <line num="46" count="3" type="stmt"/>
      </file>
      <file name="TodosSection.js" path="E:\react-updates\todo-app\src\components\todosSection\TodosSection.js">
        <metrics statements="7" coveredstatements="7" conditionals="0" coveredconditionals="0" methods="4" coveredmethods="4"/>
        <line num="7" count="2" type="stmt"/>
        <line num="44" count="2" type="stmt"/>
        <line num="46" count="1" type="stmt"/>
        <line num="48" count="7" type="stmt"/>
        <line num="49" count="7" type="stmt"/>
        <line num="50" count="7" type="stmt"/>
        <line num="52" count="1" type="stmt"/>
      </file>
    </package>
    <package name="src.reducer">
      <metrics statements="18" coveredstatements="17" conditionals="10" coveredconditionals="7" methods="5" coveredmethods="5"/>
      <file name="reducer.js" path="E:\react-updates\todo-app\src\reducer\reducer.js">
        <metrics statements="18" coveredstatements="17" conditionals="10" coveredconditionals="7" methods="5" coveredmethods="5"/>
        <line num="10" count="3" type="stmt"/>
        <line num="11" count="5" type="cond" truecount="5" falsecount="1"/>
        <line num="13" count="1" type="stmt"/>
        <line num="18" count="1" type="stmt"/>
        <line num="19" count="1" type="stmt"/>
        <line num="23" count="1" type="stmt"/>
        <line num="24" count="1" type="cond" truecount="1" falsecount="1"/>
        <line num="26" count="1" type="stmt"/>
        <line num="29" count="1" type="stmt"/>
        <line num="30" count="1" type="stmt"/>
        <line num="33" count="1" type="stmt"/>
        <line num="34" count="1" type="cond" truecount="1" falsecount="1"/>
        <line num="36" count="1" type="stmt"/>
        <line num="39" count="1" type="stmt"/>
        <line num="40" count="1" type="stmt"/>
        <line num="46" count="1" type="stmt"/>
        <line num="47" count="1" type="stmt"/>
        <line num="50" count="0" type="stmt"/>
      </file>
    </package>
  </project>
</coverage>
