{"E:\\react-updates\\todo-app\\src\\statusTypes.js": {"path":"E:\\react-updates\\todo-app\\src\\statusTypes.js","statementMap":{"0":{"start":{"line":1,"column":22},"end":{"line":1,"column":36}},"1":{"start":{"line":1,"column":28},"end":{"line":1,"column":36}},"2":{"start":{"line":2,"column":21},"end":{"line":2,"column":34}},"3":{"start":{"line":2,"column":27},"end":{"line":2,"column":34}},"4":{"start":{"line":3,"column":20},"end":{"line":3,"column":32}},"5":{"start":{"line":3,"column":26},"end":{"line":3,"column":32}}},"fnMap":{"0":{"name":"(anonymous_0)","decl":{"start":{"line":1,"column":22},"end":{"line":1,"column":23}},"loc":{"start":{"line":1,"column":28},"end":{"line":1,"column":36}},"line":1},"1":{"name":"(anonymous_1)","decl":{"start":{"line":2,"column":21},"end":{"line":2,"column":22}},"loc":{"start":{"line":2,"column":27},"end":{"line":2,"column":34}},"line":2},"2":{"name":"(anonymous_2)","decl":{"start":{"line":3,"column":20},"end":{"line":3,"column":21}},"loc":{"start":{"line":3,"column":26},"end":{"line":3,"column":32}},"line":3}},"branchMap":{},"s":{"0":5,"1":20,"2":5,"3":8,"4":5,"5":11},"f":{"0":20,"1":8,"2":11},"b":{},"_coverageSchema":"1a1c01bbd47fc00a2c39e90264f33305004495a9","hash":"320b18cc484536cd8b19df913002db32533bb6af"}
,"E:\\react-updates\\todo-app\\src\\components\\todosSection\\Todo.js": {"path":"E:\\react-updates\\todo-app\\src\\components\\todosSection\\Todo.js","statementMap":{"0":{"start":{"line":14,"column":30},"end":{"line":14,"column":64}},"1":{"start":{"line":15,"column":19},"end":{"line":15,"column":27}},"2":{"start":{"line":16,"column":2},"end":{"line":20,"column":9}},"3":{"start":{"line":17,"column":4},"end":{"line":19,"column":5}},"4":{"start":{"line":18,"column":6},"end":{"line":18,"column":31}},"5":{"start":{"line":22,"column":23},"end":{"line":33,"column":3}},"6":{"start":{"line":23,"column":4},"end":{"line":23,"column":62}},"7":{"start":{"line":24,"column":4},"end":{"line":32,"column":5}},"8":{"start":{"line":25,"column":25},"end":{"line":25,"column":62}},"9":{"start":{"line":26,"column":6},"end":{"line":31,"column":15}},"10":{"start":{"line":27,"column":8},"end":{"line":30,"column":11}},"11":{"start":{"line":35,"column":22},"end":{"line":41,"column":3}},"12":{"start":{"line":36,"column":4},"end":{"line":36,"column":79}},"13":{"start":{"line":36,"column":28},"end":{"line":36,"column":79}},"14":{"start":{"line":37,"column":4},"end":{"line":40,"column":7}},"15":{"start":{"line":43,"column":23},"end":{"line":54,"column":3}},"16":{"start":{"line":44,"column":4},"end":{"line":44,"column":79}},"17":{"start":{"line":44,"column":28},"end":{"line":44,"column":79}},"18":{"start":{"line":45,"column":4},"end":{"line":45,"column":24}},"19":{"start":{"line":46,"column":4},"end":{"line":46,"column":23}},"20":{"start":{"line":47,"column":26},"end":{"line":47,"column":65}},"21":{"start":{"line":48,"column":23},"end":{"line":48,"column":52}},"22":{"start":{"line":49,"column":4},"end":{"line":49,"column":62}},"23":{"start":{"line":50,"column":4},"end":{"line":53,"column":7}},"24":{"start":{"line":56,"column":2},"end":{"line":84,"column":4}},"25":{"start":{"line":79,"column":23},"end":{"line":79,"column":73}},"26":{"start":{"line":87,"column":0},"end":{"line":92,"column":2}}},"fnMap":{"0":{"name":"Todo","decl":{"start":{"line":13,"column":9},"end":{"line":13,"column":13}},"loc":{"start":{"line":13,"column":46},"end":{"line":85,"column":1}},"line":13},"1":{"name":"(anonymous_1)","decl":{"start":{"line":16,"column":12},"end":{"line":16,"column":13}},"loc":{"start":{"line":16,"column":18},"end":{"line":20,"column":3}},"line":16},"2":{"name":"(anonymous_2)","decl":{"start":{"line":22,"column":23},"end":{"line":22,"column":24}},"loc":{"start":{"line":22,"column":30},"end":{"line":33,"column":3}},"line":22},"3":{"name":"(anonymous_3)","decl":{"start":{"line":26,"column":17},"end":{"line":26,"column":18}},"loc":{"start":{"line":26,"column":23},"end":{"line":31,"column":7}},"line":26},"4":{"name":"(anonymous_4)","decl":{"start":{"line":35,"column":22},"end":{"line":35,"column":23}},"loc":{"start":{"line":35,"column":28},"end":{"line":41,"column":3}},"line":35},"5":{"name":"(anonymous_5)","decl":{"start":{"line":43,"column":23},"end":{"line":43,"column":24}},"loc":{"start":{"line":43,"column":30},"end":{"line":54,"column":3}},"line":43},"6":{"name":"(anonymous_6)","decl":{"start":{"line":79,"column":17},"end":{"line":79,"column":18}},"loc":{"start":{"line":79,"column":23},"end":{"line":79,"column":73}},"line":79}},"branchMap":{"0":{"loc":{"start":{"line":17,"column":4},"end":{"line":19,"column":5}},"type":"if","locations":[{"start":{"line":17,"column":4},"end":{"line":19,"column":5}},{"start":{},"end":{}}],"line":17},"1":{"loc":{"start":{"line":24,"column":4},"end":{"line":32,"column":5}},"type":"if","locations":[{"start":{"line":24,"column":4},"end":{"line":32,"column":5}},{"start":{},"end":{}}],"line":24},"2":{"loc":{"start":{"line":25,"column":25},"end":{"line":25,"column":62}},"type":"cond-expr","locations":[{"start":{"line":25,"column":45},"end":{"line":25,"column":53}},{"start":{"line":25,"column":56},"end":{"line":25,"column":62}}],"line":25},"3":{"loc":{"start":{"line":36,"column":4},"end":{"line":36,"column":79}},"type":"if","locations":[{"start":{"line":36,"column":4},"end":{"line":36,"column":79}},{"start":{},"end":{}}],"line":36},"4":{"loc":{"start":{"line":44,"column":4},"end":{"line":44,"column":79}},"type":"if","locations":[{"start":{"line":44,"column":4},"end":{"line":44,"column":79}},{"start":{},"end":{}}],"line":44},"5":{"loc":{"start":{"line":47,"column":26},"end":{"line":47,"column":65}},"type":"binary-expr","locations":[{"start":{"line":47,"column":26},"end":{"line":47,"column":41}},{"start":{"line":47,"column":45},"end":{"line":47,"column":65}}],"line":47},"6":{"loc":{"start":{"line":75,"column":10},"end":{"line":75,"column":76}},"type":"cond-expr","locations":[{"start":{"line":75,"column":24},"end":{"line":75,"column":72}},{"start":{"line":75,"column":75},"end":{"line":75,"column":76}}],"line":75}},"s":{"0":1,"1":1,"2":1,"3":0,"4":0,"5":1,"6":0,"7":0,"8":0,"9":0,"10":0,"11":1,"12":0,"13":0,"14":0,"15":1,"16":0,"17":0,"18":0,"19":0,"20":0,"21":0,"22":0,"23":0,"24":1,"25":0,"26":4},"f":{"0":1,"1":0,"2":0,"3":0,"4":0,"5":0,"6":0},"b":{"0":[0,0],"1":[0,0],"2":[0,0],"3":[0,0],"4":[0,0],"5":[0,0],"6":[0,1]},"_coverageSchema":"1a1c01bbd47fc00a2c39e90264f33305004495a9","hash":"52323f77dd13b86e97a6a52f5e16c93539e04dc3"}
,"E:\\react-updates\\todo-app\\src\\components\\todosSection\\TodosList.js": {"path":"E:\\react-updates\\todo-app\\src\\components\\todosSection\\TodosList.js","statementMap":{"0":{"start":{"line":8,"column":2},"end":{"line":50,"column":4}},"1":{"start":{"line":25,"column":10},"end":{"line":25,"column":62}},"2":{"start":{"line":37,"column":12},"end":{"line":40,"column":14}},"3":{"start":{"line":53,"column":0},"end":{"line":64,"column":2}}},"fnMap":{"0":{"name":"TodosList","decl":{"start":{"line":7,"column":9},"end":{"line":7,"column":18}},"loc":{"start":{"line":7,"column":51},"end":{"line":51,"column":1}},"line":7},"1":{"name":"(anonymous_1)","decl":{"start":{"line":24,"column":19},"end":{"line":24,"column":20}},"loc":{"start":{"line":25,"column":10},"end":{"line":25,"column":62}},"line":25},"2":{"name":"(anonymous_2)","decl":{"start":{"line":36,"column":19},"end":{"line":36,"column":20}},"loc":{"start":{"line":37,"column":12},"end":{"line":40,"column":14}},"line":37}},"branchMap":{"0":{"loc":{"start":{"line":12,"column":8},"end":{"line":16,"column":22}},"type":"cond-expr","locations":[{"start":{"line":13,"column":12},"end":{"line":13,"column":24}},{"start":{"line":14,"column":12},"end":{"line":16,"column":22}}],"line":12},"1":{"loc":{"start":{"line":14,"column":12},"end":{"line":16,"column":22}},"type":"cond-expr","locations":[{"start":{"line":15,"column":12},"end":{"line":15,"column":23}},{"start":{"line":16,"column":12},"end":{"line":16,"column":22}}],"line":14},"2":{"loc":{"start":{"line":21,"column":15},"end":{"line":21,"column":43}},"type":"binary-expr","locations":[{"start":{"line":21,"column":15},"end":{"line":21,"column":27}},{"start":{"line":21,"column":31},"end":{"line":21,"column":43}}],"line":21},"3":{"loc":{"start":{"line":28,"column":7},"end":{"line":48,"column":7}},"type":"cond-expr","locations":[{"start":{"line":29,"column":8},"end":{"line":29,"column":10}},{"start":{"line":31,"column":8},"end":{"line":47,"column":17}}],"line":28},"4":{"loc":{"start":{"line":34,"column":12},"end":{"line":34,"column":63}},"type":"cond-expr","locations":[{"start":{"line":34,"column":30},"end":{"line":34,"column":46}},{"start":{"line":34,"column":49},"end":{"line":34,"column":63}}],"line":34},"5":{"loc":{"start":{"line":39,"column":33},"end":{"line":39,"column":69}},"type":"cond-expr","locations":[{"start":{"line":39,"column":51},"end":{"line":39,"column":59}},{"start":{"line":39,"column":62},"end":{"line":39,"column":69}}],"line":39}},"s":{"0":0,"1":0,"2":0,"3":3},"f":{"0":0,"1":0,"2":0},"b":{"0":[0,0],"1":[0,0],"2":[0,0],"3":[0,0],"4":[0,0],"5":[0,0]},"_coverageSchema":"1a1c01bbd47fc00a2c39e90264f33305004495a9","hash":"b43e58f1bbaff715b82e2ceca83bc87f64661fd6"}
,"E:\\react-updates\\todo-app\\src\\test\\testUtils.js": {"path":"E:\\react-updates\\todo-app\\src\\test\\testUtils.js","statementMap":{"0":{"start":{"line":2,"column":30},"end":{"line":4,"column":1}},"1":{"start":{"line":3,"column":2},"end":{"line":3,"column":47}},"2":{"start":{"line":6,"column":29},"end":{"line":14,"column":1}},"3":{"start":{"line":7,"column":20},"end":{"line":12,"column":3}},"4":{"start":{"line":13,"column":2},"end":{"line":13,"column":36}}},"fnMap":{"0":{"name":"(anonymous_0)","decl":{"start":{"line":2,"column":30},"end":{"line":2,"column":31}},"loc":{"start":{"line":2,"column":49},"end":{"line":4,"column":1}},"line":2},"1":{"name":"(anonymous_1)","decl":{"start":{"line":6,"column":29},"end":{"line":6,"column":30}},"loc":{"start":{"line":6,"column":58},"end":{"line":14,"column":1}},"line":6}},"branchMap":{},"s":{"0":3,"1":2,"2":3,"3":2,"4":2},"f":{"0":2,"1":2},"b":{},"_coverageSchema":"1a1c01bbd47fc00a2c39e90264f33305004495a9","hash":"b0978f579cc6690d4dc3a49886ddd429b3eaf49b"}
}
