{"E:\\react-updates\\todo-app\\src\\App.js": {"path":"E:\\react-updates\\todo-app\\src\\App.js","statementMap":{"0":{"start":{"line":9,"column":2},"end":{"line":16,"column":4}}},"fnMap":{"0":{"name":"App","decl":{"start":{"line":8,"column":9},"end":{"line":8,"column":12}},"loc":{"start":{"line":8,"column":15},"end":{"line":17,"column":1}},"line":8}},"branchMap":{},"s":{"0":0},"f":{"0":0},"b":{}}
,"E:\\react-updates\\todo-app\\src\\actionTypes.js": {"path":"E:\\react-updates\\todo-app\\src\\actionTypes.js","statementMap":{"0":{"start":{"line":1,"column":24},"end":{"line":1,"column":40}},"1":{"start":{"line":1,"column":30},"end":{"line":1,"column":40}},"2":{"start":{"line":2,"column":25},"end":{"line":2,"column":42}},"3":{"start":{"line":2,"column":31},"end":{"line":2,"column":42}},"4":{"start":{"line":3,"column":27},"end":{"line":3,"column":46}},"5":{"start":{"line":3,"column":33},"end":{"line":3,"column":46}},"6":{"start":{"line":4,"column":29},"end":{"line":4,"column":50}},"7":{"start":{"line":4,"column":35},"end":{"line":4,"column":50}},"8":{"start":{"line":5,"column":32},"end":{"line":5,"column":56}},"9":{"start":{"line":5,"column":38},"end":{"line":5,"column":56}},"10":{"start":{"line":6,"column":36},"end":{"line":6,"column":64}},"11":{"start":{"line":6,"column":42},"end":{"line":6,"column":64}}},"fnMap":{"0":{"name":"(anonymous_0)","decl":{"start":{"line":1,"column":24},"end":{"line":1,"column":25}},"loc":{"start":{"line":1,"column":30},"end":{"line":1,"column":40}},"line":1},"1":{"name":"(anonymous_1)","decl":{"start":{"line":2,"column":25},"end":{"line":2,"column":26}},"loc":{"start":{"line":2,"column":31},"end":{"line":2,"column":42}},"line":2},"2":{"name":"(anonymous_2)","decl":{"start":{"line":3,"column":27},"end":{"line":3,"column":28}},"loc":{"start":{"line":3,"column":33},"end":{"line":3,"column":46}},"line":3},"3":{"name":"(anonymous_3)","decl":{"start":{"line":4,"column":29},"end":{"line":4,"column":30}},"loc":{"start":{"line":4,"column":35},"end":{"line":4,"column":50}},"line":4},"4":{"name":"(anonymous_4)","decl":{"start":{"line":5,"column":32},"end":{"line":5,"column":33}},"loc":{"start":{"line":5,"column":38},"end":{"line":5,"column":56}},"line":5},"5":{"name":"(anonymous_5)","decl":{"start":{"line":6,"column":36},"end":{"line":6,"column":37}},"loc":{"start":{"line":6,"column":42},"end":{"line":6,"column":64}},"line":6}},"branchMap":{},"s":{"0":1,"1":6,"2":1,"3":5,"4":1,"5":4,"6":1,"7":3,"8":1,"9":2,"10":1,"11":0},"f":{"0":6,"1":5,"2":4,"3":3,"4":2,"5":0},"b":{},"_coverageSchema":"1a1c01bbd47fc00a2c39e90264f33305004495a9","hash":"6c330bb4c20bad6d84ae24093479e2a3f8e7060c"}
,"E:\\react-updates\\todo-app\\src\\statusTypes.js": {"path":"E:\\react-updates\\todo-app\\src\\statusTypes.js","statementMap":{"0":{"start":{"line":1,"column":22},"end":{"line":1,"column":36}},"1":{"start":{"line":1,"column":28},"end":{"line":1,"column":36}},"2":{"start":{"line":2,"column":21},"end":{"line":2,"column":34}},"3":{"start":{"line":2,"column":27},"end":{"line":2,"column":34}},"4":{"start":{"line":3,"column":20},"end":{"line":3,"column":32}},"5":{"start":{"line":3,"column":26},"end":{"line":3,"column":32}}},"fnMap":{"0":{"name":"(anonymous_0)","decl":{"start":{"line":1,"column":22},"end":{"line":1,"column":23}},"loc":{"start":{"line":1,"column":28},"end":{"line":1,"column":36}},"line":1},"1":{"name":"(anonymous_1)","decl":{"start":{"line":2,"column":21},"end":{"line":2,"column":22}},"loc":{"start":{"line":2,"column":27},"end":{"line":2,"column":34}},"line":2},"2":{"name":"(anonymous_2)","decl":{"start":{"line":3,"column":20},"end":{"line":3,"column":21}},"loc":{"start":{"line":3,"column":26},"end":{"line":3,"column":32}},"line":3}},"branchMap":{},"s":{"0":1,"1":7,"2":1,"3":0,"4":1,"5":2},"f":{"0":7,"1":0,"2":2},"b":{},"_coverageSchema":"1a1c01bbd47fc00a2c39e90264f33305004495a9","hash":"320b18cc484536cd8b19df913002db32533bb6af"}
,"E:\\react-updates\\todo-app\\src\\components\\header\\Header.js": {"path":"E:\\react-updates\\todo-app\\src\\components\\header\\Header.js","statementMap":{"0":{"start":{"line":4,"column":2},"end":{"line":4,"column":31}},"1":{"start":{"line":5,"column":2},"end":{"line":14,"column":4}}},"fnMap":{"0":{"name":"Header","decl":{"start":{"line":3,"column":9},"end":{"line":3,"column":15}},"loc":{"start":{"line":3,"column":18},"end":{"line":15,"column":1}},"line":3}},"branchMap":{},"s":{"0":1,"1":1},"f":{"0":1},"b":{},"_coverageSchema":"1a1c01bbd47fc00a2c39e90264f33305004495a9","hash":"81221455b1ff631582950d1c6d1cc958443c8a16"}
,"E:\\react-updates\\todo-app\\src\\components\\todosSection\\Todo.js": {"path":"E:\\react-updates\\todo-app\\src\\components\\todosSection\\Todo.js","statementMap":{"0":{"start":{"line":16,"column":30},"end":{"line":16,"column":64}},"1":{"start":{"line":17,"column":19},"end":{"line":17,"column":27}},"2":{"start":{"line":18,"column":2},"end":{"line":22,"column":9}},"3":{"start":{"line":19,"column":4},"end":{"line":21,"column":5}},"4":{"start":{"line":20,"column":6},"end":{"line":20,"column":31}},"5":{"start":{"line":24,"column":23},"end":{"line":35,"column":3}},"6":{"start":{"line":25,"column":4},"end":{"line":25,"column":62}},"7":{"start":{"line":26,"column":4},"end":{"line":34,"column":5}},"8":{"start":{"line":27,"column":25},"end":{"line":27,"column":62}},"9":{"start":{"line":28,"column":6},"end":{"line":33,"column":15}},"10":{"start":{"line":29,"column":8},"end":{"line":32,"column":11}},"11":{"start":{"line":37,"column":22},"end":{"line":43,"column":3}},"12":{"start":{"line":38,"column":4},"end":{"line":38,"column":79}},"13":{"start":{"line":38,"column":28},"end":{"line":38,"column":79}},"14":{"start":{"line":39,"column":4},"end":{"line":42,"column":7}},"15":{"start":{"line":45,"column":23},"end":{"line":56,"column":3}},"16":{"start":{"line":46,"column":4},"end":{"line":46,"column":79}},"17":{"start":{"line":46,"column":28},"end":{"line":46,"column":79}},"18":{"start":{"line":47,"column":4},"end":{"line":47,"column":24}},"19":{"start":{"line":48,"column":4},"end":{"line":48,"column":23}},"20":{"start":{"line":49,"column":26},"end":{"line":49,"column":65}},"21":{"start":{"line":50,"column":23},"end":{"line":50,"column":52}},"22":{"start":{"line":51,"column":4},"end":{"line":51,"column":62}},"23":{"start":{"line":52,"column":4},"end":{"line":55,"column":7}},"24":{"start":{"line":58,"column":33},"end":{"line":64,"column":5}},"25":{"start":{"line":58,"column":48},"end":{"line":64,"column":3}},"26":{"start":{"line":61,"column":27},"end":{"line":63,"column":5}},"27":{"start":{"line":66,"column":2},"end":{"line":98,"column":4}},"28":{"start":{"line":93,"column":23},"end":{"line":93,"column":73}},"29":{"start":{"line":101,"column":0},"end":{"line":106,"column":2}}},"fnMap":{"0":{"name":"Todo","decl":{"start":{"line":15,"column":9},"end":{"line":15,"column":13}},"loc":{"start":{"line":15,"column":46},"end":{"line":99,"column":1}},"line":15},"1":{"name":"(anonymous_1)","decl":{"start":{"line":18,"column":12},"end":{"line":18,"column":13}},"loc":{"start":{"line":18,"column":18},"end":{"line":22,"column":3}},"line":18},"2":{"name":"(anonymous_2)","decl":{"start":{"line":24,"column":23},"end":{"line":24,"column":24}},"loc":{"start":{"line":24,"column":30},"end":{"line":35,"column":3}},"line":24},"3":{"name":"(anonymous_3)","decl":{"start":{"line":28,"column":17},"end":{"line":28,"column":18}},"loc":{"start":{"line":28,"column":23},"end":{"line":33,"column":7}},"line":28},"4":{"name":"(anonymous_4)","decl":{"start":{"line":37,"column":22},"end":{"line":37,"column":23}},"loc":{"start":{"line":37,"column":28},"end":{"line":43,"column":3}},"line":37},"5":{"name":"(anonymous_5)","decl":{"start":{"line":45,"column":23},"end":{"line":45,"column":24}},"loc":{"start":{"line":45,"column":30},"end":{"line":56,"column":3}},"line":45},"6":{"name":"(anonymous_6)","decl":{"start":{"line":58,"column":41},"end":{"line":58,"column":42}},"loc":{"start":{"line":58,"column":48},"end":{"line":64,"column":3}},"line":58},"7":{"name":"(anonymous_7)","decl":{"start":{"line":61,"column":13},"end":{"line":61,"column":14}},"loc":{"start":{"line":61,"column":27},"end":{"line":63,"column":5}},"line":61},"8":{"name":"(anonymous_8)","decl":{"start":{"line":93,"column":17},"end":{"line":93,"column":18}},"loc":{"start":{"line":93,"column":23},"end":{"line":93,"column":73}},"line":93}},"branchMap":{"0":{"loc":{"start":{"line":19,"column":4},"end":{"line":21,"column":5}},"type":"if","locations":[{"start":{"line":19,"column":4},"end":{"line":21,"column":5}},{"start":{},"end":{}}],"line":19},"1":{"loc":{"start":{"line":26,"column":4},"end":{"line":34,"column":5}},"type":"if","locations":[{"start":{"line":26,"column":4},"end":{"line":34,"column":5}},{"start":{},"end":{}}],"line":26},"2":{"loc":{"start":{"line":27,"column":25},"end":{"line":27,"column":62}},"type":"cond-expr","locations":[{"start":{"line":27,"column":45},"end":{"line":27,"column":53}},{"start":{"line":27,"column":56},"end":{"line":27,"column":62}}],"line":27},"3":{"loc":{"start":{"line":38,"column":4},"end":{"line":38,"column":79}},"type":"if","locations":[{"start":{"line":38,"column":4},"end":{"line":38,"column":79}},{"start":{},"end":{}}],"line":38},"4":{"loc":{"start":{"line":46,"column":4},"end":{"line":46,"column":79}},"type":"if","locations":[{"start":{"line":46,"column":4},"end":{"line":46,"column":79}},{"start":{},"end":{}}],"line":46},"5":{"loc":{"start":{"line":49,"column":26},"end":{"line":49,"column":65}},"type":"binary-expr","locations":[{"start":{"line":49,"column":26},"end":{"line":49,"column":41}},{"start":{"line":49,"column":45},"end":{"line":49,"column":65}}],"line":49},"6":{"loc":{"start":{"line":69,"column":25},"end":{"line":69,"column":53}},"type":"cond-expr","locations":[{"start":{"line":69,"column":38},"end":{"line":69,"column":48}},{"start":{"line":69,"column":51},"end":{"line":69,"column":53}}],"line":69},"7":{"loc":{"start":{"line":89,"column":10},"end":{"line":89,"column":76}},"type":"cond-expr","locations":[{"start":{"line":89,"column":24},"end":{"line":89,"column":72}},{"start":{"line":89,"column":75},"end":{"line":89,"column":76}}],"line":89}},"s":{"0":0,"1":0,"2":0,"3":0,"4":0,"5":0,"6":0,"7":0,"8":0,"9":0,"10":0,"11":0,"12":0,"13":0,"14":0,"15":0,"16":0,"17":0,"18":0,"19":0,"20":0,"21":0,"22":0,"23":0,"24":0,"25":0,"26":0,"27":0,"28":0,"29":0},"f":{"0":0,"1":0,"2":0,"3":0,"4":0,"5":0,"6":0,"7":0,"8":0},"b":{"0":[0,0],"1":[0,0],"2":[0,0],"3":[0,0],"4":[0,0],"5":[0,0],"6":[0,0],"7":[0,0]}}
,"E:\\react-updates\\todo-app\\src\\components\\todosSection\\TodosList.js": {"path":"E:\\react-updates\\todo-app\\src\\components\\todosSection\\TodosList.js","statementMap":{"0":{"start":{"line":11,"column":27},"end":{"line":30,"column":3}},"1":{"start":{"line":12,"column":4},"end":{"line":17,"column":5}},"2":{"start":{"line":13,"column":6},"end":{"line":16,"column":9}},"3":{"start":{"line":18,"column":4},"end":{"line":23,"column":5}},"4":{"start":{"line":19,"column":6},"end":{"line":22,"column":9}},"5":{"start":{"line":24,"column":4},"end":{"line":29,"column":5}},"6":{"start":{"line":25,"column":6},"end":{"line":28,"column":9}},"7":{"start":{"line":32,"column":29},"end":{"line":38,"column":5}},"8":{"start":{"line":32,"column":44},"end":{"line":38,"column":3}},"9":{"start":{"line":34,"column":20},"end":{"line":34,"column":42}},"10":{"start":{"line":35,"column":27},"end":{"line":37,"column":5}},"11":{"start":{"line":40,"column":2},"end":{"line":86,"column":4}},"12":{"start":{"line":61,"column":10},"end":{"line":61,"column":62}},"13":{"start":{"line":73,"column":12},"end":{"line":76,"column":14}},"14":{"start":{"line":89,"column":0},"end":{"line":100,"column":2}}},"fnMap":{"0":{"name":"TodosList","decl":{"start":{"line":10,"column":9},"end":{"line":10,"column":18}},"loc":{"start":{"line":10,"column":51},"end":{"line":87,"column":1}},"line":10},"1":{"name":"(anonymous_1)","decl":{"start":{"line":11,"column":27},"end":{"line":11,"column":28}},"loc":{"start":{"line":11,"column":37},"end":{"line":30,"column":3}},"line":11},"2":{"name":"(anonymous_2)","decl":{"start":{"line":32,"column":37},"end":{"line":32,"column":38}},"loc":{"start":{"line":32,"column":44},"end":{"line":38,"column":3}},"line":32},"3":{"name":"(anonymous_3)","decl":{"start":{"line":34,"column":10},"end":{"line":34,"column":11}},"loc":{"start":{"line":34,"column":20},"end":{"line":34,"column":42}},"line":34},"4":{"name":"(anonymous_4)","decl":{"start":{"line":35,"column":13},"end":{"line":35,"column":14}},"loc":{"start":{"line":35,"column":27},"end":{"line":37,"column":5}},"line":35},"5":{"name":"(anonymous_5)","decl":{"start":{"line":60,"column":19},"end":{"line":60,"column":20}},"loc":{"start":{"line":61,"column":10},"end":{"line":61,"column":62}},"line":61},"6":{"name":"(anonymous_6)","decl":{"start":{"line":72,"column":19},"end":{"line":72,"column":20}},"loc":{"start":{"line":73,"column":12},"end":{"line":76,"column":14}},"line":73}},"branchMap":{"0":{"loc":{"start":{"line":12,"column":4},"end":{"line":17,"column":5}},"type":"if","locations":[{"start":{"line":12,"column":4},"end":{"line":17,"column":5}},{"start":{},"end":{}}],"line":12},"1":{"loc":{"start":{"line":18,"column":4},"end":{"line":23,"column":5}},"type":"if","locations":[{"start":{"line":18,"column":4},"end":{"line":23,"column":5}},{"start":{},"end":{}}],"line":18},"2":{"loc":{"start":{"line":24,"column":4},"end":{"line":29,"column":5}},"type":"if","locations":[{"start":{"line":24,"column":4},"end":{"line":29,"column":5}},{"start":{},"end":{}}],"line":24},"3":{"loc":{"start":{"line":45,"column":8},"end":{"line":49,"column":22}},"type":"cond-expr","locations":[{"start":{"line":46,"column":12},"end":{"line":46,"column":24}},{"start":{"line":47,"column":12},"end":{"line":49,"column":22}}],"line":45},"4":{"loc":{"start":{"line":47,"column":12},"end":{"line":49,"column":22}},"type":"cond-expr","locations":[{"start":{"line":48,"column":12},"end":{"line":48,"column":23}},{"start":{"line":49,"column":12},"end":{"line":49,"column":22}}],"line":47},"5":{"loc":{"start":{"line":54,"column":15},"end":{"line":54,"column":43}},"type":"binary-expr","locations":[{"start":{"line":54,"column":15},"end":{"line":54,"column":27}},{"start":{"line":54,"column":31},"end":{"line":54,"column":43}}],"line":54},"6":{"loc":{"start":{"line":57,"column":32},"end":{"line":57,"column":56}},"type":"cond-expr","locations":[{"start":{"line":57,"column":41},"end":{"line":57,"column":51}},{"start":{"line":57,"column":54},"end":{"line":57,"column":56}}],"line":57},"7":{"loc":{"start":{"line":64,"column":7},"end":{"line":84,"column":7}},"type":"cond-expr","locations":[{"start":{"line":65,"column":8},"end":{"line":65,"column":10}},{"start":{"line":67,"column":8},"end":{"line":83,"column":17}}],"line":64},"8":{"loc":{"start":{"line":70,"column":12},"end":{"line":70,"column":63}},"type":"cond-expr","locations":[{"start":{"line":70,"column":30},"end":{"line":70,"column":46}},{"start":{"line":70,"column":49},"end":{"line":70,"column":63}}],"line":70},"9":{"loc":{"start":{"line":75,"column":33},"end":{"line":75,"column":69}},"type":"cond-expr","locations":[{"start":{"line":75,"column":51},"end":{"line":75,"column":59}},{"start":{"line":75,"column":62},"end":{"line":75,"column":69}}],"line":75}},"s":{"0":0,"1":0,"2":0,"3":0,"4":0,"5":0,"6":0,"7":0,"8":0,"9":0,"10":0,"11":0,"12":0,"13":0,"14":0},"f":{"0":0,"1":0,"2":0,"3":0,"4":0,"5":0,"6":0},"b":{"0":[0,0],"1":[0,0],"2":[0,0],"3":[0,0],"4":[0,0],"5":[0,0],"6":[0,0],"7":[0,0],"8":[0,0],"9":[0,0]}}
,"E:\\react-updates\\todo-app\\src\\components\\todosSection\\TodosSection.js": {"path":"E:\\react-updates\\todo-app\\src\\components\\todosSection\\TodosSection.js","statementMap":{"0":{"start":{"line":9,"column":28},"end":{"line":9,"column":53}},"1":{"start":{"line":11,"column":22},"end":{"line":11,"column":70}},"2":{"start":{"line":11,"column":45},"end":{"line":11,"column":69}},"3":{"start":{"line":12,"column":21},"end":{"line":12,"column":68}},"4":{"start":{"line":12,"column":44},"end":{"line":12,"column":67}},"5":{"start":{"line":13,"column":20},"end":{"line":13,"column":66}},"6":{"start":{"line":13,"column":43},"end":{"line":13,"column":65}},"7":{"start":{"line":15,"column":2},"end":{"line":36,"column":4}}},"fnMap":{"0":{"name":"TodosSection","decl":{"start":{"line":8,"column":9},"end":{"line":8,"column":21}},"loc":{"start":{"line":8,"column":24},"end":{"line":37,"column":1}},"line":8},"1":{"name":"(anonymous_1)","decl":{"start":{"line":11,"column":35},"end":{"line":11,"column":36}},"loc":{"start":{"line":11,"column":45},"end":{"line":11,"column":69}},"line":11},"2":{"name":"(anonymous_2)","decl":{"start":{"line":12,"column":34},"end":{"line":12,"column":35}},"loc":{"start":{"line":12,"column":44},"end":{"line":12,"column":67}},"line":12},"3":{"name":"(anonymous_3)","decl":{"start":{"line":13,"column":33},"end":{"line":13,"column":34}},"loc":{"start":{"line":13,"column":43},"end":{"line":13,"column":65}},"line":13}},"branchMap":{},"s":{"0":0,"1":0,"2":0,"3":0,"4":0,"5":0,"6":0,"7":0},"f":{"0":0,"1":0,"2":0,"3":0},"b":{}}
,"E:\\react-updates\\todo-app\\src\\data\\data.js": {"path":"E:\\react-updates\\todo-app\\src\\data\\data.js","statementMap":{"0":{"start":{"line":1,"column":20},"end":{"line":37,"column":1}}},"fnMap":{},"branchMap":{},"s":{"0":0},"f":{},"b":{}}
,"E:\\react-updates\\todo-app\\src\\reducer\\reducer.js": {"path":"E:\\react-updates\\todo-app\\src\\reducer\\reducer.js","statementMap":{"0":{"start":{"line":11,"column":23},"end":{"line":64,"column":1}},"1":{"start":{"line":12,"column":2},"end":{"line":63,"column":3}},"2":{"start":{"line":14,"column":22},"end":{"line":18,"column":7}},"3":{"start":{"line":19,"column":27},"end":{"line":19,"column":37}},"4":{"start":{"line":20,"column":6},"end":{"line":20,"column":36}},"5":{"start":{"line":21,"column":6},"end":{"line":21,"column":26}},"6":{"start":{"line":25,"column":27},"end":{"line":27,"column":7}},"7":{"start":{"line":26,"column":8},"end":{"line":26,"column":53}},"8":{"start":{"line":28,"column":6},"end":{"line":28,"column":26}},"9":{"start":{"line":31,"column":27},"end":{"line":31,"column":78}},"10":{"start":{"line":31,"column":55},"end":{"line":31,"column":77}},"11":{"start":{"line":32,"column":6},"end":{"line":32,"column":26}},"12":{"start":{"line":35,"column":26},"end":{"line":35,"column":75}},"13":{"start":{"line":35,"column":52},"end":{"line":35,"column":74}},"14":{"start":{"line":36,"column":6},"end":{"line":36,"column":42}},"15":{"start":{"line":37,"column":27},"end":{"line":39,"column":7}},"16":{"start":{"line":38,"column":18},"end":{"line":38,"column":44}},"17":{"start":{"line":40,"column":6},"end":{"line":40,"column":40}},"18":{"start":{"line":41,"column":6},"end":{"line":41,"column":26}},"19":{"start":{"line":44,"column":20},"end":{"line":44,"column":44}},"20":{"start":{"line":45,"column":23},"end":{"line":49,"column":9}},"21":{"start":{"line":45,"column":51},"end":{"line":49,"column":7}},"22":{"start":{"line":51,"column":27},"end":{"line":51,"column":50}},"23":{"start":{"line":52,"column":6},"end":{"line":52,"column":26}},"24":{"start":{"line":55,"column":27},"end":{"line":57,"column":7}},"25":{"start":{"line":56,"column":8},"end":{"line":56,"column":75}},"26":{"start":{"line":58,"column":6},"end":{"line":58,"column":26}},"27":{"start":{"line":62,"column":6},"end":{"line":62,"column":19}}},"fnMap":{"0":{"name":"(anonymous_0)","decl":{"start":{"line":11,"column":23},"end":{"line":11,"column":24}},"loc":{"start":{"line":11,"column":53},"end":{"line":64,"column":1}},"line":11},"1":{"name":"(anonymous_1)","decl":{"start":{"line":25,"column":42},"end":{"line":25,"column":43}},"loc":{"start":{"line":26,"column":8},"end":{"line":26,"column":53}},"line":26},"2":{"name":"(anonymous_2)","decl":{"start":{"line":31,"column":45},"end":{"line":31,"column":46}},"loc":{"start":{"line":31,"column":55},"end":{"line":31,"column":77}},"line":31},"3":{"name":"(anonymous_3)","decl":{"start":{"line":35,"column":42},"end":{"line":35,"column":43}},"loc":{"start":{"line":35,"column":52},"end":{"line":35,"column":74}},"line":35},"4":{"name":"(anonymous_4)","decl":{"start":{"line":38,"column":8},"end":{"line":38,"column":9}},"loc":{"start":{"line":38,"column":18},"end":{"line":38,"column":44}},"line":38},"5":{"name":"(anonymous_5)","decl":{"start":{"line":45,"column":33},"end":{"line":45,"column":34}},"loc":{"start":{"line":45,"column":51},"end":{"line":49,"column":7}},"line":45},"6":{"name":"(anonymous_6)","decl":{"start":{"line":55,"column":42},"end":{"line":55,"column":43}},"loc":{"start":{"line":56,"column":8},"end":{"line":56,"column":75}},"line":56}},"branchMap":{"0":{"loc":{"start":{"line":12,"column":2},"end":{"line":63,"column":3}},"type":"switch","locations":[{"start":{"line":13,"column":4},"end":{"line":22,"column":5}},{"start":{"line":24,"column":4},"end":{"line":29,"column":5}},{"start":{"line":30,"column":4},"end":{"line":33,"column":5}},{"start":{"line":34,"column":4},"end":{"line":42,"column":5}},{"start":{"line":43,"column":4},"end":{"line":53,"column":5}},{"start":{"line":54,"column":4},"end":{"line":59,"column":5}},{"start":{"line":61,"column":4},"end":{"line":62,"column":19}}],"line":12},"1":{"loc":{"start":{"line":26,"column":8},"end":{"line":26,"column":53}},"type":"cond-expr","locations":[{"start":{"line":26,"column":32},"end":{"line":26,"column":46}},{"start":{"line":26,"column":49},"end":{"line":26,"column":53}}],"line":26},"2":{"loc":{"start":{"line":56,"column":8},"end":{"line":56,"column":75}},"type":"cond-expr","locations":[{"start":{"line":56,"column":33},"end":{"line":56,"column":68}},{"start":{"line":56,"column":71},"end":{"line":56,"column":75}}],"line":56}},"s":{"0":1,"1":5,"2":1,"3":1,"4":1,"5":1,"6":1,"7":2,"8":1,"9":1,"10":2,"11":1,"12":1,"13":2,"14":1,"15":1,"16":2,"17":1,"18":1,"19":1,"20":1,"21":1,"22":1,"23":1,"24":0,"25":0,"26":0,"27":0},"f":{"0":5,"1":2,"2":2,"3":2,"4":2,"5":1,"6":0},"b":{"0":[1,1,1,1,1,0,0],"1":[1,1],"2":[0,0]},"_coverageSchema":"1a1c01bbd47fc00a2c39e90264f33305004495a9","hash":"46cc3d2fe7ca740c4e3cb3363f3e2d3964c1c447"}
,"E:\\react-updates\\todo-app\\src\\test\\testUtils.js": {"path":"E:\\react-updates\\todo-app\\src\\test\\testUtils.js","statementMap":{"0":{"start":{"line":2,"column":30},"end":{"line":4,"column":1}},"1":{"start":{"line":3,"column":2},"end":{"line":3,"column":47}},"2":{"start":{"line":6,"column":29},"end":{"line":14,"column":1}},"3":{"start":{"line":7,"column":20},"end":{"line":12,"column":3}},"4":{"start":{"line":13,"column":2},"end":{"line":13,"column":36}}},"fnMap":{"0":{"name":"(anonymous_0)","decl":{"start":{"line":2,"column":30},"end":{"line":2,"column":31}},"loc":{"start":{"line":2,"column":49},"end":{"line":4,"column":1}},"line":2},"1":{"name":"(anonymous_1)","decl":{"start":{"line":6,"column":29},"end":{"line":6,"column":30}},"loc":{"start":{"line":6,"column":58},"end":{"line":14,"column":1}},"line":6}},"branchMap":{},"s":{"0":0,"1":0,"2":0,"3":0,"4":0},"f":{"0":0,"1":0},"b":{}}
}
