TN:
SF:src\components\todosSection\Todo.js
FN:15,Todo
FN:21,(anonymous_1)
FN:27,(anonymous_2)
FN:30,(anonymous_3)
FN:33,(anonymous_4)
FN:41,(anonymous_5)
FN:49,(anonymous_6)
FN:62,(anonymous_7)
FN:65,(anonymous_8)
FN:97,(anonymous_9)
FNF:10
FNH:0
FNDA:0,Todo
FNDA:0,(anonymous_1)
FNDA:0,(anonymous_2)
FNDA:0,(anonymous_3)
FNDA:0,(anonymous_4)
FNDA:0,(anonymous_5)
FNDA:0,(anonymous_6)
FNDA:0,(anonymous_7)
FNDA:0,(anonymous_8)
FNDA:0,(anonymous_9)
DA:16,0
DA:17,0
DA:21,0
DA:22,0
DA:23,0
DA:27,0
DA:28,0
DA:30,0
DA:31,0
DA:32,0
DA:33,0
DA:34,0
DA:41,0
DA:42,0
DA:43,0
DA:49,0
DA:50,0
DA:51,0
DA:52,0
DA:53,0
DA:54,0
DA:55,0
DA:56,0
DA:62,0
DA:65,0
DA:70,0
DA:97,0
DA:105,0
LF:28
LH:0
BRDA:19,0,0,0
BRDA:19,0,1,0
BRDA:22,1,0,0
BRDA:22,1,1,0
BRDA:32,2,0,0
BRDA:32,2,1,0
BRDA:42,3,0,0
BRDA:42,3,1,0
BRDA:50,4,0,0
BRDA:50,4,1,0
BRDA:53,5,0,0
BRDA:53,5,1,0
BRDA:73,6,0,0
BRDA:73,6,1,0
BRDA:93,7,0,0
BRDA:93,7,1,0
BRF:16
BRH:0
end_of_record
TN:
SF:src\components\todosSection\TodosList.js
FN:10,TodosList
FN:12,(anonymous_1)
FN:32,(anonymous_2)
FN:34,(anonymous_3)
FN:35,(anonymous_4)
FN:57,(anonymous_5)
FN:81,AddBtn
FN:87,(anonymous_7)
FNF:8
FNH:0
FNDA:0,TodosList
FNDA:0,(anonymous_1)
FNDA:0,(anonymous_2)
FNDA:0,(anonymous_3)
FNDA:0,(anonymous_4)
FNDA:0,(anonymous_5)
FNDA:0,AddBtn
FNDA:0,(anonymous_7)
DA:12,0
DA:13,0
DA:14,0
DA:19,0
DA:20,0
DA:25,0
DA:26,0
DA:32,0
DA:34,0
DA:35,0
DA:40,0
DA:58,0
DA:66,0
DA:82,0
DA:88,0
LF:15
LH:0
BRDA:13,0,0,0
BRDA:13,0,1,0
BRDA:19,1,0,0
BRDA:19,1,1,0
BRDA:25,2,0,0
BRDA:25,2,1,0
BRDA:45,3,0,0
BRDA:45,3,1,0
BRDA:47,4,0,0
BRDA:47,4,1,0
BRDA:54,5,0,0
BRDA:54,5,1,0
BRDA:56,6,0,0
BRDA:56,6,1,0
BRDA:61,7,0,0
BRDA:61,7,1,0
BRDA:85,8,0,0
BRDA:85,8,1,0
BRDA:90,9,0,0
BRDA:90,9,1,0
BRF:20
BRH:0
end_of_record
TN:
SF:src\test\testUtils.js
FN:2,(anonymous_0)
FN:6,(anonymous_1)
FNF:2
FNH:0
FNDA:0,(anonymous_0)
FNDA:0,(anonymous_1)
DA:2,0
DA:3,0
DA:6,0
DA:7,0
DA:13,0
LF:5
LH:0
BRF:0
BRH:0
end_of_record
